<?xml version="1.0" encoding="UTF-8"?>
<testsuite xmlns:xsi="http://www.w3.org/2001/XMLSchema-instance" xsi:noNamespaceSchemaLocation="https://maven.apache.org/surefire/maven-surefire-plugin/xsd/surefire-test-report.xsd" version="3.0.2" name="controller.ProjectControllerTest" time="0.784" tests="12" errors="0" skipped="0" failures="0">
  <properties>
[...]
</properties>
  <testcase name="restoreProject_notDeleted_returnsFalse" classname="controller.ProjectControllerTest" time="0.73">
    <system-err><![CDATA[Mockito is currently self-attaching to enable the inline-mock-maker. This will no longer work in future releases of the JDK. Please add Mockito as an agent to your build as described in Mockito's documentation: https://javadoc.io/doc/org.mockito/mockito-core/latest/org/mockito/Mockito.html#0.3
WARNING: A Java agent has been loaded dynamically (/Users/russell/.m2/repository/net/bytebuddy/byte-buddy-agent/1.15.11/byte-buddy-agent-1.15.11.jar)
WARNING: If a serviceability tool is in use, please run with -XX:+EnableDynamicAgentLoading to hide this warning
WARNING: If a serviceability tool is not in use, please run with -Djdk.instrument.traceUsage for more information
WARNING: Dynamic loading of agents will be disallowed by default in a future release
]]></system-err>
  </testcase>
  <testcase name="addProject_validTitle_returnsTrue" classname="controller.ProjectControllerTest" time="0.002"/>
  <testcase name="deleteProject_invalidID_returnsFalse" classname="controller.ProjectControllerTest" time="0.003"/>
  <testcase name="restoreProject_validID_returnsTrue" classname="controller.ProjectControllerTest" time="0.004"/>
  <testcase name="deleteProject_alreadyDeleted_returnsFalse" classname="controller.ProjectControllerTest" time="0.003"/>
  <testcase name="updateProjectSelect_validID_returnsTrue" classname="controller.ProjectControllerTest" time="0.01"/>
  <testcase name="updateProjectSelect_invalidID_returnsFalse" classname="controller.ProjectControllerTest" time="0.002"/>
  <testcase name="searchProjectById_existingId_displaysProject" classname="controller.ProjectControllerTest" time="0.014"/>
  <testcase name="addproject_invalidTitles_returnFalse" classname="controller.ProjectControllerTest" time="0.003"/>
  <testcase name="searchProjectById_nonExistingId_displaysError" classname="controller.ProjectControllerTest" time="0.001"/>
  <testcase name="restoreProject_invalidID_returnsFalse" classname="controller.ProjectControllerTest" time="0.001"/>
  <testcase name="deleteProject_validID_returnsTrue" classname="controller.ProjectControllerTest" time="0.002"/>
</testsuite>