<?xml version="1.0" encoding="UTF-8"?>
<testsuite xmlns:xsi="http://www.w3.org/2001/XMLSchema-instance" xsi:noNamespaceSchemaLocation="https://maven.apache.org/surefire/maven-surefire-plugin/xsd/surefire-test-report.xsd" version="3.0.2" name="validator.ValidatorTest" time="0.051" tests="9" errors="0" skipped="0" failures="0">
  <properties>
[...]
</properties>
  <testcase name="UniqueTitleOnNonEmptyList_ReturnsTrue" classname="validator.ValidatorTest" time="0.017"/>
  <testcase name="InvalidTitle_ReturnsFalse" classname="validator.ValidatorTest" time="0.003"/>
  <testcase name="UniqueTitleOnEmptyList_ReturnsTrue" classname="validator.ValidatorTest" time="0.002"/>
  <testcase name="ValidTag_ReturnsTrue" classname="validator.ValidatorTest" time="0.001"/>
  <testcase name="ValidDescription_ReturnsTrue" classname="validator.ValidatorTest" time="0.001"/>
  <testcase name="NonUniqueTitle_ReturnsFalse" classname="validator.ValidatorTest" time="0.0"/>
  <testcase name="InvalidDescription_ReturnsFalse" classname="validator.ValidatorTest" time="0.001"/>
  <testcase name="InvalidTag_ReturnsFalse" classname="validator.ValidatorTest" time="0.001"/>
  <testcase name="ValidTitles_ReturnTrue" classname="validator.ValidatorTest" time="0.002"/>
</testsuite>